0 0 0 l 0
0 1 1 l 0
0 _ # r 1
1 _ _ l 2
1 0 0 r 1
1 1 1 r 1
1 B B r 1
1 X X r 1
2 1 _ r 3
2 0 _ r 4
2 _ _ r 5
3 0 1 l 6
3 1 1 l 6
3 _ 1 l 6
3 B 1 l 6
3 X 1 l 6
4 0 0 l 7
4 1 0 l 7
4 _ 0 l 7
4 B 0 l 7
4 X 0 l 7
5 _ B r 8
6 0 0 l 2
6 1 1 l 2
6 _ _ l 2
6 B B l 2
6 X X l 2
7 0 0 l 2
7 1 1 l 2
7 _ _ l 2
7 B B l 2
7 X X l 2
8 _ _ l 9
8 0 0 r 8
8 1 1 r 8
8 B B r 8
8 X X r 8
9 1 X l 10
9 0 X l 11
9 X X l 9
9 B B r halt-accept
10 1 1 l 10
10 X X l 10
10 0 X r 8
11 0 0 l 11
11 X X l 11
11 1 X r 8
1 # # r 12
12 _ _ r 13
12 0 _ r 14
12 1 _ r 15
12 B _ r 16
12 X _ r 17
13 _ _ r 13
13 0 _ r 14
13 1 _ r 15
13 B _ r 16
13 X _ r 17
13 _ _ l 18
14 _ 0 r 13
14 0 0 r 14
14 1 0 r 15
14 B 0 r 16
14 X 0 r 17
14 _ 0 l 18
15 _ 1 r 13
15 0 1 r 14
15 1 1 r 15
15 B 1 r 16
15 X 1 r 17
15 _ 1 l 18
16 _ B r 13
16 0 B r 14
16 1 B r 15
16 B B r 16
16 X B r 17
16 _ B l 18
17 _ X r 13
17 0 X r 14
17 1 X r 15
17 B X r 16
17 X X r 17
17 _ X l 18
18 _ _ l 18
18 0 0 l 18
18 1 1 l 18
18 B B l 18
18 X X l 18
18 # # r 1
2 # # r 19
19 _ _ r 20
19 0 _ r 21
19 1 _ r 22
19 B _ r 23
19 X _ r 24
20 _ _ r 20
20 0 _ r 21
20 1 _ r 22
20 B _ r 23
20 X _ r 24
20 _ _ l 25
21 _ 0 r 20
21 0 0 r 21
21 1 0 r 22
21 B 0 r 23
21 X 0 r 24
21 _ 0 l 25
22 _ 1 r 20
22 0 1 r 21
22 1 1 r 22
22 B 1 r 23
22 X 1 r 24
22 _ 1 l 25
23 _ B r 20
23 0 B r 21
23 1 B r 22
23 B B r 23
23 X B r 24
23 _ B l 25
24 _ X r 20
24 0 X r 21
24 1 X r 22
24 B X r 23
24 X X r 24
24 _ X l 25
25 _ _ l 25
25 0 0 l 25
25 1 1 l 25
25 B B l 25
25 X X l 25
25 # # r 2
3 # # r 26
26 _ _ r 27
26 0 _ r 28
26 1 _ r 29
26 B _ r 30
26 X _ r 31
27 _ _ r 27
27 0 _ r 28
27 1 _ r 29
27 B _ r 30
27 X _ r 31
27 _ _ l 32
28 _ 0 r 27
28 0 0 r 28
28 1 0 r 29
28 B 0 r 30
28 X 0 r 31
28 _ 0 l 32
29 _ 1 r 27
29 0 1 r 28
29 1 1 r 29
29 B 1 r 30
29 X 1 r 31
29 _ 1 l 32
30 _ B r 27
30 0 B r 28
30 1 B r 29
30 B B r 30
30 X B r 31
30 _ B l 32
31 _ X r 27
31 0 X r 28
31 1 X r 29
31 B X r 30
31 X X r 31
31 _ X l 32
32 _ _ l 32
32 0 0 l 32
32 1 1 l 32
32 B B l 32
32 X X l 32
32 # # r 3
4 # # r 33
33 _ _ r 34
33 0 _ r 35
33 1 _ r 36
33 B _ r 37
33 X _ r 38
34 _ _ r 34
34 0 _ r 35
34 1 _ r 36
34 B _ r 37
34 X _ r 38
34 _ _ l 39
35 _ 0 r 34
35 0 0 r 35
35 1 0 r 36
35 B 0 r 37
35 X 0 r 38
35 _ 0 l 39
36 _ 1 r 34
36 0 1 r 35
36 1 1 r 36
36 B 1 r 37
36 X 1 r 38
36 _ 1 l 39
37 _ B r 34
37 0 B r 35
37 1 B r 36
37 B B r 37
37 X B r 38
37 _ B l 39
38 _ X r 34
38 0 X r 35
38 1 X r 36
38 B X r 37
38 X X r 38
38 _ X l 39
39 _ _ l 39
39 0 0 l 39
39 1 1 l 39
39 B B l 39
39 X X l 39
39 # # r 4
5 # # r 40
40 _ _ r 41
40 0 _ r 42
40 1 _ r 43
40 B _ r 44
40 X _ r 45
41 _ _ r 41
41 0 _ r 42
41 1 _ r 43
41 B _ r 44
41 X _ r 45
41 _ _ l 46
42 _ 0 r 41
42 0 0 r 42
42 1 0 r 43
42 B 0 r 44
42 X 0 r 45
42 _ 0 l 46
43 _ 1 r 41
43 0 1 r 42
43 1 1 r 43
43 B 1 r 44
43 X 1 r 45
43 _ 1 l 46
44 _ B r 41
44 0 B r 42
44 1 B r 43
44 B B r 44
44 X B r 45
44 _ B l 46
45 _ X r 41
45 0 X r 42
45 1 X r 43
45 B X r 44
45 X X r 45
45 _ X l 46
46 _ _ l 46
46 0 0 l 46
46 1 1 l 46
46 B B l 46
46 X X l 46
46 # # r 5
6 # # r 47
47 _ _ r 48
47 0 _ r 49
47 1 _ r 50
47 B _ r 51
47 X _ r 52
48 _ _ r 48
48 0 _ r 49
48 1 _ r 50
48 B _ r 51
48 X _ r 52
48 _ _ l 53
49 _ 0 r 48
49 0 0 r 49
49 1 0 r 50
49 B 0 r 51
49 X 0 r 52
49 _ 0 l 53
50 _ 1 r 48
50 0 1 r 49
50 1 1 r 50
50 B 1 r 51
50 X 1 r 52
50 _ 1 l 53
51 _ B r 48
51 0 B r 49
51 1 B r 50
51 B B r 51
51 X B r 52
51 _ B l 53
52 _ X r 48
52 0 X r 49
52 1 X r 50
52 B X r 51
52 X X r 52
52 _ X l 53
53 _ _ l 53
53 0 0 l 53
53 1 1 l 53
53 B B l 53
53 X X l 53
53 # # r 6
7 # # r 54
54 _ _ r 55
54 0 _ r 56
54 1 _ r 57
54 B _ r 58
54 X _ r 59
55 _ _ r 55
55 0 _ r 56
55 1 _ r 57
55 B _ r 58
55 X _ r 59
55 _ _ l 60
56 _ 0 r 55
56 0 0 r 56
56 1 0 r 57
56 B 0 r 58
56 X 0 r 59
56 _ 0 l 60
57 _ 1 r 55
57 0 1 r 56
57 1 1 r 57
57 B 1 r 58
57 X 1 r 59
57 _ 1 l 60
58 _ B r 55
58 0 B r 56
58 1 B r 57
58 B B r 58
58 X B r 59
58 _ B l 60
59 _ X r 55
59 0 X r 56
59 1 X r 57
59 B X r 58
59 X X r 59
59 _ X l 60
60 _ _ l 60
60 0 0 l 60
60 1 1 l 60
60 B B l 60
60 X X l 60
60 # # r 7
8 # # r 61
61 _ _ r 62
61 0 _ r 63
61 1 _ r 64
61 B _ r 65
61 X _ r 66
62 _ _ r 62
62 0 _ r 63
62 1 _ r 64
62 B _ r 65
62 X _ r 66
62 _ _ l 67
63 _ 0 r 62
63 0 0 r 63
63 1 0 r 64
63 B 0 r 65
63 X 0 r 66
63 _ 0 l 67
64 _ 1 r 62
64 0 1 r 63
64 1 1 r 64
64 B 1 r 65
64 X 1 r 66
64 _ 1 l 67
65 _ B r 62
65 0 B r 63
65 1 B r 64
65 B B r 65
65 X B r 66
65 _ B l 67
66 _ X r 62
66 0 X r 63
66 1 X r 64
66 B X r 65
66 X X r 66
66 _ X l 67
67 _ _ l 67
67 0 0 l 67
67 1 1 l 67
67 B B l 67
67 X X l 67
67 # # r 8
9 # # r 68
68 _ _ r 69
68 0 _ r 70
68 1 _ r 71
68 B _ r 72
68 X _ r 73
69 _ _ r 69
69 0 _ r 70
69 1 _ r 71
69 B _ r 72
69 X _ r 73
69 _ _ l 74
70 _ 0 r 69
70 0 0 r 70
70 1 0 r 71
70 B 0 r 72
70 X 0 r 73
70 _ 0 l 74
71 _ 1 r 69
71 0 1 r 70
71 1 1 r 71
71 B 1 r 72
71 X 1 r 73
71 _ 1 l 74
72 _ B r 69
72 0 B r 70
72 1 B r 71
72 B B r 72
72 X B r 73
72 _ B l 74
73 _ X r 69
73 0 X r 70
73 1 X r 71
73 B X r 72
73 X X r 73
73 _ X l 74
74 _ _ l 74
74 0 0 l 74
74 1 1 l 74
74 B B l 74
74 X X l 74
74 # # r 9
10 # # r 75
75 _ _ r 76
75 0 _ r 77
75 1 _ r 78
75 B _ r 79
75 X _ r 80
76 _ _ r 76
76 0 _ r 77
76 1 _ r 78
76 B _ r 79
76 X _ r 80
76 _ _ l 81
77 _ 0 r 76
77 0 0 r 77
77 1 0 r 78
77 B 0 r 79
77 X 0 r 80
77 _ 0 l 81
78 _ 1 r 76
78 0 1 r 77
78 1 1 r 78
78 B 1 r 79
78 X 1 r 80
78 _ 1 l 81
79 _ B r 76
79 0 B r 77
79 1 B r 78
79 B B r 79
79 X B r 80
79 _ B l 81
80 _ X r 76
80 0 X r 77
80 1 X r 78
80 B X r 79
80 X X r 80
80 _ X l 81
81 _ _ l 81
81 0 0 l 81
81 1 1 l 81
81 B B l 81
81 X X l 81
81 # # r 10
1 # # r 82
82 _ _ r 83
82 0 _ r 84
82 1 _ r 85
82 B _ r 86
82 X _ r 87
83 _ _ r 83
83 0 _ r 84
83 1 _ r 85
83 B _ r 86
83 X _ r 87
83 _ _ l 88
84 _ 0 r 83
84 0 0 r 84
84 1 0 r 85
84 B 0 r 86
84 X 0 r 87
84 _ 0 l 88
85 _ 1 r 83
85 0 1 r 84
85 1 1 r 85
85 B 1 r 86
85 X 1 r 87
85 _ 1 l 88
86 _ B r 83
86 0 B r 84
86 1 B r 85
86 B B r 86
86 X B r 87
86 _ B l 88
87 _ X r 83
87 0 X r 84
87 1 X r 85
87 B X r 86
87 X X r 87
87 _ X l 88
88 _ _ l 88
88 0 0 l 88
88 1 1 l 88
88 B B l 88
88 X X l 88
88 # # r 1
2 # # r 89
89 _ _ r 90
89 0 _ r 91
89 1 _ r 92
89 B _ r 93
89 X _ r 94
90 _ _ r 90
90 0 _ r 91
90 1 _ r 92
90 B _ r 93
90 X _ r 94
90 _ _ l 95
91 _ 0 r 90
91 0 0 r 91
91 1 0 r 92
91 B 0 r 93
91 X 0 r 94
91 _ 0 l 95
92 _ 1 r 90
92 0 1 r 91
92 1 1 r 92
92 B 1 r 93
92 X 1 r 94
92 _ 1 l 95
93 _ B r 90
93 0 B r 91
93 1 B r 92
93 B B r 93
93 X B r 94
93 _ B l 95
94 _ X r 90
94 0 X r 91
94 1 X r 92
94 B X r 93
94 X X r 94
94 _ X l 95
95 _ _ l 95
95 0 0 l 95
95 1 1 l 95
95 B B l 95
95 X X l 95
95 # # r 2
3 # # r 96
96 _ _ r 97
96 0 _ r 98
96 1 _ r 99
96 B _ r 100
96 X _ r 101
97 _ _ r 97
97 0 _ r 98
97 1 _ r 99
97 B _ r 100
97 X _ r 101
97 _ _ l 102
98 _ 0 r 97
98 0 0 r 98
98 1 0 r 99
98 B 0 r 100
98 X 0 r 101
98 _ 0 l 102
99 _ 1 r 97
99 0 1 r 98
99 1 1 r 99
99 B 1 r 100
99 X 1 r 101
99 _ 1 l 102
100 _ B r 97
100 0 B r 98
100 1 B r 99
100 B B r 100
100 X B r 101
100 _ B l 102
101 _ X r 97
101 0 X r 98
101 1 X r 99
101 B X r 100
101 X X r 101
101 _ X l 102
102 _ _ l 102
102 0 0 l 102
102 1 1 l 102
102 B B l 102
102 X X l 102
102 # # r 3
4 # # r 103
103 _ _ r 104
103 0 _ r 105
103 1 _ r 106
103 B _ r 107
103 X _ r 108
104 _ _ r 104
104 0 _ r 105
104 1 _ r 106
104 B _ r 107
104 X _ r 108
104 _ _ l 109
105 _ 0 r 104
105 0 0 r 105
105 1 0 r 106
105 B 0 r 107
105 X 0 r 108
105 _ 0 l 109
106 _ 1 r 104
106 0 1 r 105
106 1 1 r 106
106 B 1 r 107
106 X 1 r 108
106 _ 1 l 109
107 _ B r 104
107 0 B r 105
107 1 B r 106
107 B B r 107
107 X B r 108
107 _ B l 109
108 _ X r 104
108 0 X r 105
108 1 X r 106
108 B X r 107
108 X X r 108
108 _ X l 109
109 _ _ l 109
109 0 0 l 109
109 1 1 l 109
109 B B l 109
109 X X l 109
109 # # r 4
5 # # r 110
110 _ _ r 111
110 0 _ r 112
110 1 _ r 113
110 B _ r 114
110 X _ r 115
111 _ _ r 111
111 0 _ r 112
111 1 _ r 113
111 B _ r 114
111 X _ r 115
111 _ _ l 116
112 _ 0 r 111
112 0 0 r 112
112 1 0 r 113
112 B 0 r 114
112 X 0 r 115
112 _ 0 l 116
113 _ 1 r 111
113 0 1 r 112
113 1 1 r 113
113 B 1 r 114
113 X 1 r 115
113 _ 1 l 116
114 _ B r 111
114 0 B r 112
114 1 B r 113
114 B B r 114
114 X B r 115
114 _ B l 116
115 _ X r 111
115 0 X r 112
115 1 X r 113
115 B X r 114
115 X X r 115
115 _ X l 116
116 _ _ l 116
116 0 0 l 116
116 1 1 l 116
116 B B l 116
116 X X l 116
116 # # r 5
6 # # r 117
117 _ _ r 118
117 0 _ r 119
117 1 _ r 120
117 B _ r 121
117 X _ r 122
118 _ _ r 118
118 0 _ r 119
118 1 _ r 120
118 B _ r 121
118 X _ r 122
118 _ _ l 123
119 _ 0 r 118
119 0 0 r 119
119 1 0 r 120
119 B 0 r 121
119 X 0 r 122
119 _ 0 l 123
120 _ 1 r 118
120 0 1 r 119
120 1 1 r 120
120 B 1 r 121
120 X 1 r 122
120 _ 1 l 123
121 _ B r 118
121 0 B r 119
121 1 B r 120
121 B B r 121
121 X B r 122
121 _ B l 123
122 _ X r 118
122 0 X r 119
122 1 X r 120
122 B X r 121
122 X X r 122
122 _ X l 123
123 _ _ l 123
123 0 0 l 123
123 1 1 l 123
123 B B l 123
123 X X l 123
123 # # r 6
7 # # r 124
124 _ _ r 125
124 0 _ r 126
124 1 _ r 127
124 B _ r 128
124 X _ r 129
125 _ _ r 125
125 0 _ r 126
125 1 _ r 127
125 B _ r 128
125 X _ r 129
125 _ _ l 130
126 _ 0 r 125
126 0 0 r 126
126 1 0 r 127
126 B 0 r 128
126 X 0 r 129
126 _ 0 l 130
127 _ 1 r 125
127 0 1 r 126
127 1 1 r 127
127 B 1 r 128
127 X 1 r 129
127 _ 1 l 130
128 _ B r 125
128 0 B r 126
128 1 B r 127
128 B B r 128
128 X B r 129
128 _ B l 130
129 _ X r 125
129 0 X r 126
129 1 X r 127
129 B X r 128
129 X X r 129
129 _ X l 130
130 _ _ l 130
130 0 0 l 130
130 1 1 l 130
130 B B l 130
130 X X l 130
130 # # r 7
8 # # r 131
131 _ _ r 132
131 0 _ r 133
131 1 _ r 134
131 B _ r 135
131 X _ r 136
132 _ _ r 132
132 0 _ r 133
132 1 _ r 134
132 B _ r 135
132 X _ r 136
132 _ _ l 137
133 _ 0 r 132
133 0 0 r 133
133 1 0 r 134
133 B 0 r 135
133 X 0 r 136
133 _ 0 l 137
134 _ 1 r 132
134 0 1 r 133
134 1 1 r 134
134 B 1 r 135
134 X 1 r 136
134 _ 1 l 137
135 _ B r 132
135 0 B r 133
135 1 B r 134
135 B B r 135
135 X B r 136
135 _ B l 137
136 _ X r 132
136 0 X r 133
136 1 X r 134
136 B X r 135
136 X X r 136
136 _ X l 137
137 _ _ l 137
137 0 0 l 137
137 1 1 l 137
137 B B l 137
137 X X l 137
137 # # r 8
9 # # r 138
138 _ _ r 139
138 0 _ r 140
138 1 _ r 141
138 B _ r 142
138 X _ r 143
139 _ _ r 139
139 0 _ r 140
139 1 _ r 141
139 B _ r 142
139 X _ r 143
139 _ _ l 144
140 _ 0 r 139
140 0 0 r 140
140 1 0 r 141
140 B 0 r 142
140 X 0 r 143
140 _ 0 l 144
141 _ 1 r 139
141 0 1 r 140
141 1 1 r 141
141 B 1 r 142
141 X 1 r 143
141 _ 1 l 144
142 _ B r 139
142 0 B r 140
142 1 B r 141
142 B B r 142
142 X B r 143
142 _ B l 144
143 _ X r 139
143 0 X r 140
143 1 X r 141
143 B X r 142
143 X X r 143
143 _ X l 144
144 _ _ l 144
144 0 0 l 144
144 1 1 l 144
144 B B l 144
144 X X l 144
144 # # r 9
10 # # r 145
145 _ _ r 146
145 0 _ r 147
145 1 _ r 148
145 B _ r 149
145 X _ r 150
146 _ _ r 146
146 0 _ r 147
146 1 _ r 148
146 B _ r 149
146 X _ r 150
146 _ _ l 151
147 _ 0 r 146
147 0 0 r 147
147 1 0 r 148
147 B 0 r 149
147 X 0 r 150
147 _ 0 l 151
148 _ 1 r 146
148 0 1 r 147
148 1 1 r 148
148 B 1 r 149
148 X 1 r 150
148 _ 1 l 151
149 _ B r 146
149 0 B r 147
149 1 B r 148
149 B B r 149
149 X B r 150
149 _ B l 151
150 _ X r 146
150 0 X r 147
150 1 X r 148
150 B X r 149
150 X X r 150
150 _ X l 151
151 _ _ l 151
151 0 0 l 151
151 1 1 l 151
151 B B l 151
151 X X l 151
151 # # r 10
11 # # r 152
152 _ _ r 153
152 0 _ r 154
152 1 _ r 155
152 B _ r 156
152 X _ r 157
153 _ _ r 153
153 0 _ r 154
153 1 _ r 155
153 B _ r 156
153 X _ r 157
153 _ _ l 158
154 _ 0 r 153
154 0 0 r 154
154 1 0 r 155
154 B 0 r 156
154 X 0 r 157
154 _ 0 l 158
155 _ 1 r 153
155 0 1 r 154
155 1 1 r 155
155 B 1 r 156
155 X 1 r 157
155 _ 1 l 158
156 _ B r 153
156 0 B r 154
156 1 B r 155
156 B B r 156
156 X B r 157
156 _ B l 158
157 _ X r 153
157 0 X r 154
157 1 X r 155
157 B X r 156
157 X X r 157
157 _ X l 158
158 _ _ l 158
158 0 0 l 158
158 1 1 l 158
158 B B l 158
158 X X l 158
158 # # r 11
12 # # r 159
159 _ _ r 160
159 0 _ r 161
159 1 _ r 162
159 B _ r 163
159 X _ r 164
160 _ _ r 160
160 0 _ r 161
160 1 _ r 162
160 B _ r 163
160 X _ r 164
160 _ _ l 165
161 _ 0 r 160
161 0 0 r 161
161 1 0 r 162
161 B 0 r 163
161 X 0 r 164
161 _ 0 l 165
162 _ 1 r 160
162 0 1 r 161
162 1 1 r 162
162 B 1 r 163
162 X 1 r 164
162 _ 1 l 165
163 _ B r 160
163 0 B r 161
163 1 B r 162
163 B B r 163
163 X B r 164
163 _ B l 165
164 _ X r 160
164 0 X r 161
164 1 X r 162
164 B X r 163
164 X X r 164
164 _ X l 165
165 _ _ l 165
165 0 0 l 165
165 1 1 l 165
165 B B l 165
165 X X l 165
165 # # r 12
13 # # r 166
166 _ _ r 167
166 0 _ r 168
166 1 _ r 169
166 B _ r 170
166 X _ r 171
167 _ _ r 167
167 0 _ r 168
167 1 _ r 169
167 B _ r 170
167 X _ r 171
167 _ _ l 172
168 _ 0 r 167
168 0 0 r 168
168 1 0 r 169
168 B 0 r 170
168 X 0 r 171
168 _ 0 l 172
169 _ 1 r 167
169 0 1 r 168
169 1 1 r 169
169 B 1 r 170
169 X 1 r 171
169 _ 1 l 172
170 _ B r 167
170 0 B r 168
170 1 B r 169
170 B B r 170
170 X B r 171
170 _ B l 172
171 _ X r 167
171 0 X r 168
171 1 X r 169
171 B X r 170
171 X X r 171
171 _ X l 172
172 _ _ l 172
172 0 0 l 172
172 1 1 l 172
172 B B l 172
172 X X l 172
172 # # r 13
14 # # r 173
173 _ _ r 174
173 0 _ r 175
173 1 _ r 176
173 B _ r 177
173 X _ r 178
174 _ _ r 174
174 0 _ r 175
174 1 _ r 176
174 B _ r 177
174 X _ r 178
174 _ _ l 179
175 _ 0 r 174
175 0 0 r 175
175 1 0 r 176
175 B 0 r 177
175 X 0 r 178
175 _ 0 l 179
176 _ 1 r 174
176 0 1 r 175
176 1 1 r 176
176 B 1 r 177
176 X 1 r 178
176 _ 1 l 179
177 _ B r 174
177 0 B r 175
177 1 B r 176
177 B B r 177
177 X B r 178
177 _ B l 179
178 _ X r 174
178 0 X r 175
178 1 X r 176
178 B X r 177
178 X X r 178
178 _ X l 179
179 _ _ l 179
179 0 0 l 179
179 1 1 l 179
179 B B l 179
179 X X l 179
179 # # r 14
15 # # r 180
180 _ _ r 181
180 0 _ r 182
180 1 _ r 183
180 B _ r 184
180 X _ r 185
181 _ _ r 181
181 0 _ r 182
181 1 _ r 183
181 B _ r 184
181 X _ r 185
181 _ _ l 186
182 _ 0 r 181
182 0 0 r 182
182 1 0 r 183
182 B 0 r 184
182 X 0 r 185
182 _ 0 l 186
183 _ 1 r 181
183 0 1 r 182
183 1 1 r 183
183 B 1 r 184
183 X 1 r 185
183 _ 1 l 186
184 _ B r 181
184 0 B r 182
184 1 B r 183
184 B B r 184
184 X B r 185
184 _ B l 186
185 _ X r 181
185 0 X r 182
185 1 X r 183
185 B X r 184
185 X X r 185
185 _ X l 186
186 _ _ l 186
186 0 0 l 186
186 1 1 l 186
186 B B l 186
186 X X l 186
186 # # r 15
16 # # r 187
187 _ _ r 188
187 0 _ r 189
187 1 _ r 190
187 B _ r 191
187 X _ r 192
188 _ _ r 188
188 0 _ r 189
188 1 _ r 190
188 B _ r 191
188 X _ r 192
188 _ _ l 193
189 _ 0 r 188
189 0 0 r 189
189 1 0 r 190
189 B 0 r 191
189 X 0 r 192
189 _ 0 l 193
190 _ 1 r 188
190 0 1 r 189
190 1 1 r 190
190 B 1 r 191
190 X 1 r 192
190 _ 1 l 193
191 _ B r 188
191 0 B r 189
191 1 B r 190
191 B B r 191
191 X B r 192
191 _ B l 193
192 _ X r 188
192 0 X r 189
192 1 X r 190
192 B X r 191
192 X X r 192
192 _ X l 193
193 _ _ l 193
193 0 0 l 193
193 1 1 l 193
193 B B l 193
193 X X l 193
193 # # r 16
17 # # r 194
194 _ _ r 195
194 0 _ r 196
194 1 _ r 197
194 B _ r 198
194 X _ r 199
195 _ _ r 195
195 0 _ r 196
195 1 _ r 197
195 B _ r 198
195 X _ r 199
195 _ _ l 200
196 _ 0 r 195
196 0 0 r 196
196 1 0 r 197
196 B 0 r 198
196 X 0 r 199
196 _ 0 l 200
197 _ 1 r 195
197 0 1 r 196
197 1 1 r 197
197 B 1 r 198
197 X 1 r 199
197 _ 1 l 200
198 _ B r 195
198 0 B r 196
198 1 B r 197
198 B B r 198
198 X B r 199
198 _ B l 200
199 _ X r 195
199 0 X r 196
199 1 X r 197
199 B X r 198
199 X X r 199
199 _ X l 200
200 _ _ l 200
200 0 0 l 200
200 1 1 l 200
200 B B l 200
200 X X l 200
200 # # r 17
18 # # r 201
201 _ _ r 202
201 0 _ r 203
201 1 _ r 204
201 B _ r 205
201 X _ r 206
202 _ _ r 202
202 0 _ r 203
202 1 _ r 204
202 B _ r 205
202 X _ r 206
202 _ _ l 207
203 _ 0 r 202
203 0 0 r 203
203 1 0 r 204
203 B 0 r 205
203 X 0 r 206
203 _ 0 l 207
204 _ 1 r 202
204 0 1 r 203
204 1 1 r 204
204 B 1 r 205
204 X 1 r 206
204 _ 1 l 207
205 _ B r 202
205 0 B r 203
205 1 B r 204
205 B B r 205
205 X B r 206
205 _ B l 207
206 _ X r 202
206 0 X r 203
206 1 X r 204
206 B X r 205
206 X X r 206
206 _ X l 207
207 _ _ l 207
207 0 0 l 207
207 1 1 l 207
207 B B l 207
207 X X l 207
207 # # r 18
19 # # r 208
208 _ _ r 209
208 0 _ r 210
208 1 _ r 211
208 B _ r 212
208 X _ r 213
209 _ _ r 209
209 0 _ r 210
209 1 _ r 211
209 B _ r 212
209 X _ r 213
209 _ _ l 214
210 _ 0 r 209
210 0 0 r 210
210 1 0 r 211
210 B 0 r 212
210 X 0 r 213
210 _ 0 l 214
211 _ 1 r 209
211 0 1 r 210
211 1 1 r 211
211 B 1 r 212
211 X 1 r 213
211 _ 1 l 214
212 _ B r 209
212 0 B r 210
212 1 B r 211
212 B B r 212
212 X B r 213
212 _ B l 214
213 _ X r 209
213 0 X r 210
213 1 X r 211
213 B X r 212
213 X X r 213
213 _ X l 214
214 _ _ l 214
214 0 0 l 214
214 1 1 l 214
214 B B l 214
214 X X l 214
214 # # r 19
20 # # r 215
215 _ _ r 216
215 0 _ r 217
215 1 _ r 218
215 B _ r 219
215 X _ r 220
216 _ _ r 216
216 0 _ r 217
216 1 _ r 218
216 B _ r 219
216 X _ r 220
216 _ _ l 221
217 _ 0 r 216
217 0 0 r 217
217 1 0 r 218
217 B 0 r 219
217 X 0 r 220
217 _ 0 l 221
218 _ 1 r 216
218 0 1 r 217
218 1 1 r 218
218 B 1 r 219
218 X 1 r 220
218 _ 1 l 221
219 _ B r 216
219 0 B r 217
219 1 B r 218
219 B B r 219
219 X B r 220
219 _ B l 221
220 _ X r 216
220 0 X r 217
220 1 X r 218
220 B X r 219
220 X X r 220
220 _ X l 221
221 _ _ l 221
221 0 0 l 221
221 1 1 l 221
221 B B l 221
221 X X l 221
221 # # r 20
21 # # r 222
222 _ _ r 223
222 0 _ r 224
222 1 _ r 225
222 B _ r 226
222 X _ r 227
223 _ _ r 223
223 0 _ r 224
223 1 _ r 225
223 B _ r 226
223 X _ r 227
223 _ _ l 228
224 _ 0 r 223
224 0 0 r 224
224 1 0 r 225
224 B 0 r 226
224 X 0 r 227
224 _ 0 l 228
225 _ 1 r 223
225 0 1 r 224
225 1 1 r 225
225 B 1 r 226
225 X 1 r 227
225 _ 1 l 228
226 _ B r 223
226 0 B r 224
226 1 B r 225
226 B B r 226
226 X B r 227
226 _ B l 228
227 _ X r 223
227 0 X r 224
227 1 X r 225
227 B X r 226
227 X X r 227
227 _ X l 228
228 _ _ l 228
228 0 0 l 228
228 1 1 l 228
228 B B l 228
228 X X l 228
228 # # r 21
22 # # r 229
229 _ _ r 230
229 0 _ r 231
229 1 _ r 232
229 B _ r 233
229 X _ r 234
230 _ _ r 230
230 0 _ r 231
230 1 _ r 232
230 B _ r 233
230 X _ r 234
230 _ _ l 235
231 _ 0 r 230
231 0 0 r 231
231 1 0 r 232
231 B 0 r 233
231 X 0 r 234
231 _ 0 l 235
232 _ 1 r 230
232 0 1 r 231
232 1 1 r 232
232 B 1 r 233
232 X 1 r 234
232 _ 1 l 235
233 _ B r 230
233 0 B r 231
233 1 B r 232
233 B B r 233
233 X B r 234
233 _ B l 235
234 _ X r 230
234 0 X r 231
234 1 X r 232
234 B X r 233
234 X X r 234
234 _ X l 235
235 _ _ l 235
235 0 0 l 235
235 1 1 l 235
235 B B l 235
235 X X l 235
235 # # r 22
23 # # r 236
236 _ _ r 237
236 0 _ r 238
236 1 _ r 239
236 B _ r 240
236 X _ r 241
237 _ _ r 237
237 0 _ r 238
237 1 _ r 239
237 B _ r 240
237 X _ r 241
237 _ _ l 242
238 _ 0 r 237
238 0 0 r 238
238 1 0 r 239
238 B 0 r 240
238 X 0 r 241
238 _ 0 l 242
239 _ 1 r 237
239 0 1 r 238
239 1 1 r 239
239 B 1 r 240
239 X 1 r 241
239 _ 1 l 242
240 _ B r 237
240 0 B r 238
240 1 B r 239
240 B B r 240
240 X B r 241
240 _ B l 242
241 _ X r 237
241 0 X r 238
241 1 X r 239
241 B X r 240
241 X X r 241
241 _ X l 242
242 _ _ l 242
242 0 0 l 242
242 1 1 l 242
242 B B l 242
242 X X l 242
242 # # r 23
24 # # r 243
243 _ _ r 244
243 0 _ r 245
243 1 _ r 246
243 B _ r 247
243 X _ r 248
244 _ _ r 244
244 0 _ r 245
244 1 _ r 246
244 B _ r 247
244 X _ r 248
244 _ _ l 249
245 _ 0 r 244
245 0 0 r 245
245 1 0 r 246
245 B 0 r 247
245 X 0 r 248
245 _ 0 l 249
246 _ 1 r 244
246 0 1 r 245
246 1 1 r 246
246 B 1 r 247
246 X 1 r 248
246 _ 1 l 249
247 _ B r 244
247 0 B r 245
247 1 B r 246
247 B B r 247
247 X B r 248
247 _ B l 249
248 _ X r 244
248 0 X r 245
248 1 X r 246
248 B X r 247
248 X X r 248
248 _ X l 249
249 _ _ l 249
249 0 0 l 249
249 1 1 l 249
249 B B l 249
249 X X l 249
249 # # r 24
25 # # r 250
250 _ _ r 251
250 0 _ r 252
250 1 _ r 253
250 B _ r 254
250 X _ r 255
251 _ _ r 251
251 0 _ r 252
251 1 _ r 253
251 B _ r 254
251 X _ r 255
251 _ _ l 256
252 _ 0 r 251
252 0 0 r 252
252 1 0 r 253
252 B 0 r 254
252 X 0 r 255
252 _ 0 l 256
253 _ 1 r 251
253 0 1 r 252
253 1 1 r 253
253 B 1 r 254
253 X 1 r 255
253 _ 1 l 256
254 _ B r 251
254 0 B r 252
254 1 B r 253
254 B B r 254
254 X B r 255
254 _ B l 256
255 _ X r 251
255 0 X r 252
255 1 X r 253
255 B X r 254
255 X X r 255
255 _ X l 256
256 _ _ l 256
256 0 0 l 256
256 1 1 l 256
256 B B l 256
256 X X l 256
256 # # r 25
26 # # r 257
257 _ _ r 258
257 0 _ r 259
257 1 _ r 260
257 B _ r 261
257 X _ r 262
258 _ _ r 258
258 0 _ r 259
258 1 _ r 260
258 B _ r 261
258 X _ r 262
258 _ _ l 263
259 _ 0 r 258
259 0 0 r 259
259 1 0 r 260
259 B 0 r 261
259 X 0 r 262
259 _ 0 l 263
260 _ 1 r 258
260 0 1 r 259
260 1 1 r 260
260 B 1 r 261
260 X 1 r 262
260 _ 1 l 263
261 _ B r 258
261 0 B r 259
261 1 B r 260
261 B B r 261
261 X B r 262
261 _ B l 263
262 _ X r 258
262 0 X r 259
262 1 X r 260
262 B X r 261
262 X X r 262
262 _ X l 263
263 _ _ l 263
263 0 0 l 263
263 1 1 l 263
263 B B l 263
263 X X l 263
263 # # r 26
27 # # r 264
264 _ _ r 265
264 0 _ r 266
264 1 _ r 267
264 B _ r 268
264 X _ r 269
265 _ _ r 265
265 0 _ r 266
265 1 _ r 267
265 B _ r 268
265 X _ r 269
265 _ _ l 270
266 _ 0 r 265
266 0 0 r 266
266 1 0 r 267
266 B 0 r 268
266 X 0 r 269
266 _ 0 l 270
267 _ 1 r 265
267 0 1 r 266
267 1 1 r 267
267 B 1 r 268
267 X 1 r 269
267 _ 1 l 270
268 _ B r 265
268 0 B r 266
268 1 B r 267
268 B B r 268
268 X B r 269
268 _ B l 270
269 _ X r 265
269 0 X r 266
269 1 X r 267
269 B X r 268
269 X X r 269
269 _ X l 270
270 _ _ l 270
270 0 0 l 270
270 1 1 l 270
270 B B l 270
270 X X l 270
270 # # r 27
28 # # r 271
271 _ _ r 272
271 0 _ r 273
271 1 _ r 274
271 B _ r 275
271 X _ r 276
272 _ _ r 272
272 0 _ r 273
272 1 _ r 274
272 B _ r 275
272 X _ r 276
272 _ _ l 277
273 _ 0 r 272
273 0 0 r 273
273 1 0 r 274
273 B 0 r 275
273 X 0 r 276
273 _ 0 l 277
274 _ 1 r 272
274 0 1 r 273
274 1 1 r 274
274 B 1 r 275
274 X 1 r 276
274 _ 1 l 277
275 _ B r 272
275 0 B r 273
275 1 B r 274
275 B B r 275
275 X B r 276
275 _ B l 277
276 _ X r 272
276 0 X r 273
276 1 X r 274
276 B X r 275
276 X X r 276
276 _ X l 277
277 _ _ l 277
277 0 0 l 277
277 1 1 l 277
277 B B l 277
277 X X l 277
277 # # r 28
29 # # r 278
278 _ _ r 279
278 0 _ r 280
278 1 _ r 281
278 B _ r 282
278 X _ r 283
279 _ _ r 279
279 0 _ r 280
279 1 _ r 281
279 B _ r 282
279 X _ r 283
279 _ _ l 284
280 _ 0 r 279
280 0 0 r 280
280 1 0 r 281
280 B 0 r 282
280 X 0 r 283
280 _ 0 l 284
281 _ 1 r 279
281 0 1 r 280
281 1 1 r 281
281 B 1 r 282
281 X 1 r 283
281 _ 1 l 284
282 _ B r 279
282 0 B r 280
282 1 B r 281
282 B B r 282
282 X B r 283
282 _ B l 284
283 _ X r 279
283 0 X r 280
283 1 X r 281
283 B X r 282
283 X X r 283
283 _ X l 284
284 _ _ l 284
284 0 0 l 284
284 1 1 l 284
284 B B l 284
284 X X l 284
284 # # r 29
30 # # r 285
285 _ _ r 286
285 0 _ r 287
285 1 _ r 288
285 B _ r 289
285 X _ r 290
286 _ _ r 286
286 0 _ r 287
286 1 _ r 288
286 B _ r 289
286 X _ r 290
286 _ _ l 291
287 _ 0 r 286
287 0 0 r 287
287 1 0 r 288
287 B 0 r 289
287 X 0 r 290
287 _ 0 l 291
288 _ 1 r 286
288 0 1 r 287
288 1 1 r 288
288 B 1 r 289
288 X 1 r 290
288 _ 1 l 291
289 _ B r 286
289 0 B r 287
289 1 B r 288
289 B B r 289
289 X B r 290
289 _ B l 291
290 _ X r 286
290 0 X r 287
290 1 X r 288
290 B X r 289
290 X X r 290
290 _ X l 291
291 _ _ l 291
291 0 0 l 291
291 1 1 l 291
291 B B l 291
291 X X l 291
291 # # r 30
31 # # r 292
292 _ _ r 293
292 0 _ r 294
292 1 _ r 295
292 B _ r 296
292 X _ r 297
293 _ _ r 293
293 0 _ r 294
293 1 _ r 295
293 B _ r 296
293 X _ r 297
293 _ _ l 298
294 _ 0 r 293
294 0 0 r 294
294 1 0 r 295
294 B 0 r 296
294 X 0 r 297
294 _ 0 l 298
295 _ 1 r 293
295 0 1 r 294
295 1 1 r 295
295 B 1 r 296
295 X 1 r 297
295 _ 1 l 298
296 _ B r 293
296 0 B r 294
296 1 B r 295
296 B B r 296
296 X B r 297
296 _ B l 298
297 _ X r 293
297 0 X r 294
297 1 X r 295
297 B X r 296
297 X X r 297
297 _ X l 298
298 _ _ l 298
298 0 0 l 298
298 1 1 l 298
298 B B l 298
298 X X l 298
298 # # r 31
32 # # r 299
299 _ _ r 300
299 0 _ r 301
299 1 _ r 302
299 B _ r 303
299 X _ r 304
300 _ _ r 300
300 0 _ r 301
300 1 _ r 302
300 B _ r 303
300 X _ r 304
300 _ _ l 305
301 _ 0 r 300
301 0 0 r 301
301 1 0 r 302
301 B 0 r 303
301 X 0 r 304
301 _ 0 l 305
302 _ 1 r 300
302 0 1 r 301
302 1 1 r 302
302 B 1 r 303
302 X 1 r 304
302 _ 1 l 305
303 _ B r 300
303 0 B r 301
303 1 B r 302
303 B B r 303
303 X B r 304
303 _ B l 305
304 _ X r 300
304 0 X r 301
304 1 X r 302
304 B X r 303
304 X X r 304
304 _ X l 305
305 _ _ l 305
305 0 0 l 305
305 1 1 l 305
305 B B l 305
305 X X l 305
305 # # r 32
33 # # r 306
306 _ _ r 307
306 0 _ r 308
306 1 _ r 309
306 B _ r 310
306 X _ r 311
307 _ _ r 307
307 0 _ r 308
307 1 _ r 309
307 B _ r 310
307 X _ r 311
307 _ _ l 312
308 _ 0 r 307
308 0 0 r 308
308 1 0 r 309
308 B 0 r 310
308 X 0 r 311
308 _ 0 l 312
309 _ 1 r 307
309 0 1 r 308
309 1 1 r 309
309 B 1 r 310
309 X 1 r 311
309 _ 1 l 312
310 _ B r 307
310 0 B r 308
310 1 B r 309
310 B B r 310
310 X B r 311
310 _ B l 312
311 _ X r 307
311 0 X r 308
311 1 X r 309
311 B X r 310
311 X X r 311
311 _ X l 312
312 _ _ l 312
312 0 0 l 312
312 1 1 l 312
312 B B l 312
312 X X l 312
312 # # r 33
34 # # r 313
313 _ _ r 314
313 0 _ r 315
313 1 _ r 316
313 B _ r 317
313 X _ r 318
314 _ _ r 314
314 0 _ r 315
314 1 _ r 316
314 B _ r 317
314 X _ r 318
314 _ _ l 319
315 _ 0 r 314
315 0 0 r 315
315 1 0 r 316
315 B 0 r 317
315 X 0 r 318
315 _ 0 l 319
316 _ 1 r 314
316 0 1 r 315
316 1 1 r 316
316 B 1 r 317
316 X 1 r 318
316 _ 1 l 319
317 _ B r 314
317 0 B r 315
317 1 B r 316
317 B B r 317
317 X B r 318
317 _ B l 319
318 _ X r 314
318 0 X r 315
318 1 X r 316
318 B X r 317
318 X X r 318
318 _ X l 319
319 _ _ l 319
319 0 0 l 319
319 1 1 l 319
319 B B l 319
319 X X l 319
319 # # r 34
35 # # r 320
320 _ _ r 321
320 0 _ r 322
320 1 _ r 323
320 B _ r 324
320 X _ r 325
321 _ _ r 321
321 0 _ r 322
321 1 _ r 323
321 B _ r 324
321 X _ r 325
321 _ _ l 326
322 _ 0 r 321
322 0 0 r 322
322 1 0 r 323
322 B 0 r 324
322 X 0 r 325
322 _ 0 l 326
323 _ 1 r 321
323 0 1 r 322
323 1 1 r 323
323 B 1 r 324
323 X 1 r 325
323 _ 1 l 326
324 _ B r 321
324 0 B r 322
324 1 B r 323
324 B B r 324
324 X B r 325
324 _ B l 326
325 _ X r 321
325 0 X r 322
325 1 X r 323
325 B X r 324
325 X X r 325
325 _ X l 326
326 _ _ l 326
326 0 0 l 326
326 1 1 l 326
326 B B l 326
326 X X l 326
326 # # r 35
36 # # r 327
327 _ _ r 328
327 0 _ r 329
327 1 _ r 330
327 B _ r 331
327 X _ r 332
328 _ _ r 328
328 0 _ r 329
328 1 _ r 330
328 B _ r 331
328 X _ r 332
328 _ _ l 333
329 _ 0 r 328
329 0 0 r 329
329 1 0 r 330
329 B 0 r 331
329 X 0 r 332
329 _ 0 l 333
330 _ 1 r 328
330 0 1 r 329
330 1 1 r 330
330 B 1 r 331
330 X 1 r 332
330 _ 1 l 333
331 _ B r 328
331 0 B r 329
331 1 B r 330
331 B B r 331
331 X B r 332
331 _ B l 333
332 _ X r 328
332 0 X r 329
332 1 X r 330
332 B X r 331
332 X X r 332
332 _ X l 333
333 _ _ l 333
333 0 0 l 333
333 1 1 l 333
333 B B l 333
333 X X l 333
333 # # r 36
37 # # r 334
334 _ _ r 335
334 0 _ r 336
334 1 _ r 337
334 B _ r 338
334 X _ r 339
335 _ _ r 335
335 0 _ r 336
335 1 _ r 337
335 B _ r 338
335 X _ r 339
335 _ _ l 340
336 _ 0 r 335
336 0 0 r 336
336 1 0 r 337
336 B 0 r 338
336 X 0 r 339
336 _ 0 l 340
337 _ 1 r 335
337 0 1 r 336
337 1 1 r 337
337 B 1 r 338
337 X 1 r 339
337 _ 1 l 340
338 _ B r 335
338 0 B r 336
338 1 B r 337
338 B B r 338
338 X B r 339
338 _ B l 340
339 _ X r 335
339 0 X r 336
339 1 X r 337
339 B X r 338
339 X X r 339
339 _ X l 340
340 _ _ l 340
340 0 0 l 340
340 1 1 l 340
340 B B l 340
340 X X l 340
340 # # r 37
38 # # r 341
341 _ _ r 342
341 0 _ r 343
341 1 _ r 344
341 B _ r 345
341 X _ r 346
342 _ _ r 342
342 0 _ r 343
342 1 _ r 344
342 B _ r 345
342 X _ r 346
342 _ _ l 347
343 _ 0 r 342
343 0 0 r 343
343 1 0 r 344
343 B 0 r 345
343 X 0 r 346
343 _ 0 l 347
344 _ 1 r 342
344 0 1 r 343
344 1 1 r 344
344 B 1 r 345
344 X 1 r 346
344 _ 1 l 347
345 _ B r 342
345 0 B r 343
345 1 B r 344
345 B B r 345
345 X B r 346
345 _ B l 347
346 _ X r 342
346 0 X r 343
346 1 X r 344
346 B X r 345
346 X X r 346
346 _ X l 347
347 _ _ l 347
347 0 0 l 347
347 1 1 l 347
347 B B l 347
347 X X l 347
347 # # r 38
39 # # r 348
348 _ _ r 349
348 0 _ r 350
348 1 _ r 351
348 B _ r 352
348 X _ r 353
349 _ _ r 349
349 0 _ r 350
349 1 _ r 351
349 B _ r 352
349 X _ r 353
349 _ _ l 354
350 _ 0 r 349
350 0 0 r 350
350 1 0 r 351
350 B 0 r 352
350 X 0 r 353
350 _ 0 l 354
351 _ 1 r 349
351 0 1 r 350
351 1 1 r 351
351 B 1 r 352
351 X 1 r 353
351 _ 1 l 354
352 _ B r 349
352 0 B r 350
352 1 B r 351
352 B B r 352
352 X B r 353
352 _ B l 354
353 _ X r 349
353 0 X r 350
353 1 X r 351
353 B X r 352
353 X X r 353
353 _ X l 354
354 _ _ l 354
354 0 0 l 354
354 1 1 l 354
354 B B l 354
354 X X l 354
354 # # r 39
40 # # r 355
355 _ _ r 356
355 0 _ r 357
355 1 _ r 358
355 B _ r 359
355 X _ r 360
356 _ _ r 356
356 0 _ r 357
356 1 _ r 358
356 B _ r 359
356 X _ r 360
356 _ _ l 361
357 _ 0 r 356
357 0 0 r 357
357 1 0 r 358
357 B 0 r 359
357 X 0 r 360
357 _ 0 l 361
358 _ 1 r 356
358 0 1 r 357
358 1 1 r 358
358 B 1 r 359
358 X 1 r 360
358 _ 1 l 361
359 _ B r 356
359 0 B r 357
359 1 B r 358
359 B B r 359
359 X B r 360
359 _ B l 361
360 _ X r 356
360 0 X r 357
360 1 X r 358
360 B X r 359
360 X X r 360
360 _ X l 361
361 _ _ l 361
361 0 0 l 361
361 1 1 l 361
361 B B l 361
361 X X l 361
361 # # r 40
41 # # r 362
362 _ _ r 363
362 0 _ r 364
362 1 _ r 365
362 B _ r 366
362 X _ r 367
363 _ _ r 363
363 0 _ r 364
363 1 _ r 365
363 B _ r 366
363 X _ r 367
363 _ _ l 368
364 _ 0 r 363
364 0 0 r 364
364 1 0 r 365
364 B 0 r 366
364 X 0 r 367
364 _ 0 l 368
365 _ 1 r 363
365 0 1 r 364
365 1 1 r 365
365 B 1 r 366
365 X 1 r 367
365 _ 1 l 368
366 _ B r 363
366 0 B r 364
366 1 B r 365
366 B B r 366
366 X B r 367
366 _ B l 368
367 _ X r 363
367 0 X r 364
367 1 X r 365
367 B X r 366
367 X X r 367
367 _ X l 368
368 _ _ l 368
368 0 0 l 368
368 1 1 l 368
368 B B l 368
368 X X l 368
368 # # r 41
42 # # r 369
369 _ _ r 370
369 0 _ r 371
369 1 _ r 372
369 B _ r 373
369 X _ r 374
370 _ _ r 370
370 0 _ r 371
370 1 _ r 372
370 B _ r 373
370 X _ r 374
370 _ _ l 375
371 _ 0 r 370
371 0 0 r 371
371 1 0 r 372
371 B 0 r 373
371 X 0 r 374
371 _ 0 l 375
372 _ 1 r 370
372 0 1 r 371
372 1 1 r 372
372 B 1 r 373
372 X 1 r 374
372 _ 1 l 375
373 _ B r 370
373 0 B r 371
373 1 B r 372
373 B B r 373
373 X B r 374
373 _ B l 375
374 _ X r 370
374 0 X r 371
374 1 X r 372
374 B X r 373
374 X X r 374
374 _ X l 375
375 _ _ l 375
375 0 0 l 375
375 1 1 l 375
375 B B l 375
375 X X l 375
375 # # r 42
43 # # r 376
376 _ _ r 377
376 0 _ r 378
376 1 _ r 379
376 B _ r 380
376 X _ r 381
377 _ _ r 377
377 0 _ r 378
377 1 _ r 379
377 B _ r 380
377 X _ r 381
377 _ _ l 382
378 _ 0 r 377
378 0 0 r 378
378 1 0 r 379
378 B 0 r 380
378 X 0 r 381
378 _ 0 l 382
379 _ 1 r 377
379 0 1 r 378
379 1 1 r 379
379 B 1 r 380
379 X 1 r 381
379 _ 1 l 382
380 _ B r 377
380 0 B r 378
380 1 B r 379
380 B B r 380
380 X B r 381
380 _ B l 382
381 _ X r 377
381 0 X r 378
381 1 X r 379
381 B X r 380
381 X X r 381
381 _ X l 382
382 _ _ l 382
382 0 0 l 382
382 1 1 l 382
382 B B l 382
382 X X l 382
382 # # r 43
44 # # r 383
383 _ _ r 384
383 0 _ r 385
383 1 _ r 386
383 B _ r 387
383 X _ r 388
384 _ _ r 384
384 0 _ r 385
384 1 _ r 386
384 B _ r 387
384 X _ r 388
384 _ _ l 389
385 _ 0 r 384
385 0 0 r 385
385 1 0 r 386
385 B 0 r 387
385 X 0 r 388
385 _ 0 l 389
386 _ 1 r 384
386 0 1 r 385
386 1 1 r 386
386 B 1 r 387
386 X 1 r 388
386 _ 1 l 389
387 _ B r 384
387 0 B r 385
387 1 B r 386
387 B B r 387
387 X B r 388
387 _ B l 389
388 _ X r 384
388 0 X r 385
388 1 X r 386
388 B X r 387
388 X X r 388
388 _ X l 389
389 _ _ l 389
389 0 0 l 389
389 1 1 l 389
389 B B l 389
389 X X l 389
389 # # r 44
45 # # r 390
390 _ _ r 391
390 0 _ r 392
390 1 _ r 393
390 B _ r 394
390 X _ r 395
391 _ _ r 391
391 0 _ r 392
391 1 _ r 393
391 B _ r 394
391 X _ r 395
391 _ _ l 396
392 _ 0 r 391
392 0 0 r 392
392 1 0 r 393
392 B 0 r 394
392 X 0 r 395
392 _ 0 l 396
393 _ 1 r 391
393 0 1 r 392
393 1 1 r 393
393 B 1 r 394
393 X 1 r 395
393 _ 1 l 396
394 _ B r 391
394 0 B r 392
394 1 B r 393
394 B B r 394
394 X B r 395
394 _ B l 396
395 _ X r 391
395 0 X r 392
395 1 X r 393
395 B X r 394
395 X X r 395
395 _ X l 396
396 _ _ l 396
396 0 0 l 396
396 1 1 l 396
396 B B l 396
396 X X l 396
396 # # r 45
46 # # r 397
397 _ _ r 398
397 0 _ r 399
397 1 _ r 400
397 B _ r 401
397 X _ r 402
398 _ _ r 398
398 0 _ r 399
398 1 _ r 400
398 B _ r 401
398 X _ r 402
398 _ _ l 403
399 _ 0 r 398
399 0 0 r 399
399 1 0 r 400
399 B 0 r 401
399 X 0 r 402
399 _ 0 l 403
400 _ 1 r 398
400 0 1 r 399
400 1 1 r 400
400 B 1 r 401
400 X 1 r 402
400 _ 1 l 403
401 _ B r 398
401 0 B r 399
401 1 B r 400
401 B B r 401
401 X B r 402
401 _ B l 403
402 _ X r 398
402 0 X r 399
402 1 X r 400
402 B X r 401
402 X X r 402
402 _ X l 403
403 _ _ l 403
403 0 0 l 403
403 1 1 l 403
403 B B l 403
403 X X l 403
403 # # r 46
47 # # r 404
404 _ _ r 405
404 0 _ r 406
404 1 _ r 407
404 B _ r 408
404 X _ r 409
405 _ _ r 405
405 0 _ r 406
405 1 _ r 407
405 B _ r 408
405 X _ r 409
405 _ _ l 410
406 _ 0 r 405
406 0 0 r 406
406 1 0 r 407
406 B 0 r 408
406 X 0 r 409
406 _ 0 l 410
407 _ 1 r 405
407 0 1 r 406
407 1 1 r 407
407 B 1 r 408
407 X 1 r 409
407 _ 1 l 410
408 _ B r 405
408 0 B r 406
408 1 B r 407
408 B B r 408
408 X B r 409
408 _ B l 410
409 _ X r 405
409 0 X r 406
409 1 X r 407
409 B X r 408
409 X X r 409
409 _ X l 410
410 _ _ l 410
410 0 0 l 410
410 1 1 l 410
410 B B l 410
410 X X l 410
410 # # r 47
48 # # r 411
411 _ _ r 412
411 0 _ r 413
411 1 _ r 414
411 B _ r 415
411 X _ r 416
412 _ _ r 412
412 0 _ r 413
412 1 _ r 414
412 B _ r 415
412 X _ r 416
412 _ _ l 417
413 _ 0 r 412
413 0 0 r 413
413 1 0 r 414
413 B 0 r 415
413 X 0 r 416
413 _ 0 l 417
414 _ 1 r 412
414 0 1 r 413
414 1 1 r 414
414 B 1 r 415
414 X 1 r 416
414 _ 1 l 417
415 _ B r 412
415 0 B r 413
415 1 B r 414
415 B B r 415
415 X B r 416
415 _ B l 417
416 _ X r 412
416 0 X r 413
416 1 X r 414
416 B X r 415
416 X X r 416
416 _ X l 417
417 _ _ l 417
417 0 0 l 417
417 1 1 l 417
417 B B l 417
417 X X l 417
417 # # r 48
49 # # r 418
418 _ _ r 419
418 0 _ r 420
418 1 _ r 421
418 B _ r 422
418 X _ r 423
419 _ _ r 419
419 0 _ r 420
419 1 _ r 421
419 B _ r 422
419 X _ r 423
419 _ _ l 424
420 _ 0 r 419
420 0 0 r 420
420 1 0 r 421
420 B 0 r 422
420 X 0 r 423
420 _ 0 l 424
421 _ 1 r 419
421 0 1 r 420
421 1 1 r 421
421 B 1 r 422
421 X 1 r 423
421 _ 1 l 424
422 _ B r 419
422 0 B r 420
422 1 B r 421
422 B B r 422
422 X B r 423
422 _ B l 424
423 _ X r 419
423 0 X r 420
423 1 X r 421
423 B X r 422
423 X X r 423
423 _ X l 424
424 _ _ l 424
424 0 0 l 424
424 1 1 l 424
424 B B l 424
424 X X l 424
424 # # r 49
50 # # r 425
425 _ _ r 426
425 0 _ r 427
425 1 _ r 428
425 B _ r 429
425 X _ r 430
426 _ _ r 426
426 0 _ r 427
426 1 _ r 428
426 B _ r 429
426 X _ r 430
426 _ _ l 431
427 _ 0 r 426
427 0 0 r 427
427 1 0 r 428
427 B 0 r 429
427 X 0 r 430
427 _ 0 l 431
428 _ 1 r 426
428 0 1 r 427
428 1 1 r 428
428 B 1 r 429
428 X 1 r 430
428 _ 1 l 431
429 _ B r 426
429 0 B r 427
429 1 B r 428
429 B B r 429
429 X B r 430
429 _ B l 431
430 _ X r 426
430 0 X r 427
430 1 X r 428
430 B X r 429
430 X X r 430
430 _ X l 431
431 _ _ l 431
431 0 0 l 431
431 1 1 l 431
431 B B l 431
431 X X l 431
431 # # r 50
51 # # r 432
432 _ _ r 433
432 0 _ r 434
432 1 _ r 435
432 B _ r 436
432 X _ r 437
433 _ _ r 433
433 0 _ r 434
433 1 _ r 435
433 B _ r 436
433 X _ r 437
433 _ _ l 438
434 _ 0 r 433
434 0 0 r 434
434 1 0 r 435
434 B 0 r 436
434 X 0 r 437
434 _ 0 l 438
435 _ 1 r 433
435 0 1 r 434
435 1 1 r 435
435 B 1 r 436
435 X 1 r 437
435 _ 1 l 438
436 _ B r 433
436 0 B r 434
436 1 B r 435
436 B B r 436
436 X B r 437
436 _ B l 438
437 _ X r 433
437 0 X r 434
437 1 X r 435
437 B X r 436
437 X X r 437
437 _ X l 438
438 _ _ l 438
438 0 0 l 438
438 1 1 l 438
438 B B l 438
438 X X l 438
438 # # r 51
52 # # r 439
439 _ _ r 440
439 0 _ r 441
439 1 _ r 442
439 B _ r 443
439 X _ r 444
440 _ _ r 440
440 0 _ r 441
440 1 _ r 442
440 B _ r 443
440 X _ r 444
440 _ _ l 445
441 _ 0 r 440
441 0 0 r 441
441 1 0 r 442
441 B 0 r 443
441 X 0 r 444
441 _ 0 l 445
442 _ 1 r 440
442 0 1 r 441
442 1 1 r 442
442 B 1 r 443
442 X 1 r 444
442 _ 1 l 445
443 _ B r 440
443 0 B r 441
443 1 B r 442
443 B B r 443
443 X B r 444
443 _ B l 445
444 _ X r 440
444 0 X r 441
444 1 X r 442
444 B X r 443
444 X X r 444
444 _ X l 445
445 _ _ l 445
445 0 0 l 445
445 1 1 l 445
445 B B l 445
445 X X l 445
445 # # r 52
53 # # r 446
446 _ _ r 447
446 0 _ r 448
446 1 _ r 449
446 B _ r 450
446 X _ r 451
447 _ _ r 447
447 0 _ r 448
447 1 _ r 449
447 B _ r 450
447 X _ r 451
447 _ _ l 452
448 _ 0 r 447
448 0 0 r 448
448 1 0 r 449
448 B 0 r 450
448 X 0 r 451
448 _ 0 l 452
449 _ 1 r 447
449 0 1 r 448
449 1 1 r 449
449 B 1 r 450
449 X 1 r 451
449 _ 1 l 452
450 _ B r 447
450 0 B r 448
450 1 B r 449
450 B B r 450
450 X B r 451
450 _ B l 452
451 _ X r 447
451 0 X r 448
451 1 X r 449
451 B X r 450
451 X X r 451
451 _ X l 452
452 _ _ l 452
452 0 0 l 452
452 1 1 l 452
452 B B l 452
452 X X l 452
452 # # r 53
54 # # r 453
453 _ _ r 454
453 0 _ r 455
453 1 _ r 456
453 B _ r 457
453 X _ r 458
454 _ _ r 454
454 0 _ r 455
454 1 _ r 456
454 B _ r 457
454 X _ r 458
454 _ _ l 459
455 _ 0 r 454
455 0 0 r 455
455 1 0 r 456
455 B 0 r 457
455 X 0 r 458
455 _ 0 l 459
456 _ 1 r 454
456 0 1 r 455
456 1 1 r 456
456 B 1 r 457
456 X 1 r 458
456 _ 1 l 459
457 _ B r 454
457 0 B r 455
457 1 B r 456
457 B B r 457
457 X B r 458
457 _ B l 459
458 _ X r 454
458 0 X r 455
458 1 X r 456
458 B X r 457
458 X X r 458
458 _ X l 459
459 _ _ l 459
459 0 0 l 459
459 1 1 l 459
459 B B l 459
459 X X l 459
459 # # r 54
55 # # r 460
460 _ _ r 461
460 0 _ r 462
460 1 _ r 463
460 B _ r 464
460 X _ r 465
461 _ _ r 461
461 0 _ r 462
461 1 _ r 463
461 B _ r 464
461 X _ r 465
461 _ _ l 466
462 _ 0 r 461
462 0 0 r 462
462 1 0 r 463
462 B 0 r 464
462 X 0 r 465
462 _ 0 l 466
463 _ 1 r 461
463 0 1 r 462
463 1 1 r 463
463 B 1 r 464
463 X 1 r 465
463 _ 1 l 466
464 _ B r 461
464 0 B r 462
464 1 B r 463
464 B B r 464
464 X B r 465
464 _ B l 466
465 _ X r 461
465 0 X r 462
465 1 X r 463
465 B X r 464
465 X X r 465
465 _ X l 466
466 _ _ l 466
466 0 0 l 466
466 1 1 l 466
466 B B l 466
466 X X l 466
466 # # r 55
56 # # r 467
467 _ _ r 468
467 0 _ r 469
467 1 _ r 470
467 B _ r 471
467 X _ r 472
468 _ _ r 468
468 0 _ r 469
468 1 _ r 470
468 B _ r 471
468 X _ r 472
468 _ _ l 473
469 _ 0 r 468
469 0 0 r 469
469 1 0 r 470
469 B 0 r 471
469 X 0 r 472
469 _ 0 l 473
470 _ 1 r 468
470 0 1 r 469
470 1 1 r 470
470 B 1 r 471
470 X 1 r 472
470 _ 1 l 473
471 _ B r 468
471 0 B r 469
471 1 B r 470
471 B B r 471
471 X B r 472
471 _ B l 473
472 _ X r 468
472 0 X r 469
472 1 X r 470
472 B X r 471
472 X X r 472
472 _ X l 473
473 _ _ l 473
473 0 0 l 473
473 1 1 l 473
473 B B l 473
473 X X l 473
473 # # r 56
57 # # r 474
474 _ _ r 475
474 0 _ r 476
474 1 _ r 477
474 B _ r 478
474 X _ r 479
475 _ _ r 475
475 0 _ r 476
475 1 _ r 477
475 B _ r 478
475 X _ r 479
475 _ _ l 480
476 _ 0 r 475
476 0 0 r 476
476 1 0 r 477
476 B 0 r 478
476 X 0 r 479
476 _ 0 l 480
477 _ 1 r 475
477 0 1 r 476
477 1 1 r 477
477 B 1 r 478
477 X 1 r 479
477 _ 1 l 480
478 _ B r 475
478 0 B r 476
478 1 B r 477
478 B B r 478
478 X B r 479
478 _ B l 480
479 _ X r 475
479 0 X r 476
479 1 X r 477
479 B X r 478
479 X X r 479
479 _ X l 480
480 _ _ l 480
480 0 0 l 480
480 1 1 l 480
480 B B l 480
480 X X l 480
480 # # r 57
58 # # r 481
481 _ _ r 482
481 0 _ r 483
481 1 _ r 484
481 B _ r 485
481 X _ r 486
482 _ _ r 482
482 0 _ r 483
482 1 _ r 484
482 B _ r 485
482 X _ r 486
482 _ _ l 487
483 _ 0 r 482
483 0 0 r 483
483 1 0 r 484
483 B 0 r 485
483 X 0 r 486
483 _ 0 l 487
484 _ 1 r 482
484 0 1 r 483
484 1 1 r 484
484 B 1 r 485
484 X 1 r 486
484 _ 1 l 487
485 _ B r 482
485 0 B r 483
485 1 B r 484
485 B B r 485
485 X B r 486
485 _ B l 487
486 _ X r 482
486 0 X r 483
486 1 X r 484
486 B X r 485
486 X X r 486
486 _ X l 487
487 _ _ l 487
487 0 0 l 487
487 1 1 l 487
487 B B l 487
487 X X l 487
487 # # r 58
59 # # r 488
488 _ _ r 489
488 0 _ r 490
488 1 _ r 491
488 B _ r 492
488 X _ r 493
489 _ _ r 489
489 0 _ r 490
489 1 _ r 491
489 B _ r 492
489 X _ r 493
489 _ _ l 494
490 _ 0 r 489
490 0 0 r 490
490 1 0 r 491
490 B 0 r 492
490 X 0 r 493
490 _ 0 l 494
491 _ 1 r 489
491 0 1 r 490
491 1 1 r 491
491 B 1 r 492
491 X 1 r 493
491 _ 1 l 494
492 _ B r 489
492 0 B r 490
492 1 B r 491
492 B B r 492
492 X B r 493
492 _ B l 494
493 _ X r 489
493 0 X r 490
493 1 X r 491
493 B X r 492
493 X X r 493
493 _ X l 494
494 _ _ l 494
494 0 0 l 494
494 1 1 l 494
494 B B l 494
494 X X l 494
494 # # r 59
60 # # r 495
495 _ _ r 496
495 0 _ r 497
495 1 _ r 498
495 B _ r 499
495 X _ r 500
496 _ _ r 496
496 0 _ r 497
496 1 _ r 498
496 B _ r 499
496 X _ r 500
496 _ _ l 501
497 _ 0 r 496
497 0 0 r 497
497 1 0 r 498
497 B 0 r 499
497 X 0 r 500
497 _ 0 l 501
498 _ 1 r 496
498 0 1 r 497
498 1 1 r 498
498 B 1 r 499
498 X 1 r 500
498 _ 1 l 501
499 _ B r 496
499 0 B r 497
499 1 B r 498
499 B B r 499
499 X B r 500
499 _ B l 501
500 _ X r 496
500 0 X r 497
500 1 X r 498
500 B X r 499
500 X X r 500
500 _ X l 501
501 _ _ l 501
501 0 0 l 501
501 1 1 l 501
501 B B l 501
501 X X l 501
501 # # r 60
61 # # r 502
502 _ _ r 503
502 0 _ r 504
502 1 _ r 505
502 B _ r 506
502 X _ r 507
503 _ _ r 503
503 0 _ r 504
503 1 _ r 505
503 B _ r 506
503 X _ r 507
503 _ _ l 508
504 _ 0 r 503
504 0 0 r 504
504 1 0 r 505
504 B 0 r 506
504 X 0 r 507
504 _ 0 l 508
505 _ 1 r 503
505 0 1 r 504
505 1 1 r 505
505 B 1 r 506
505 X 1 r 507
505 _ 1 l 508
506 _ B r 503
506 0 B r 504
506 1 B r 505
506 B B r 506
506 X B r 507
506 _ B l 508
507 _ X r 503
507 0 X r 504
507 1 X r 505
507 B X r 506
507 X X r 507
507 _ X l 508
508 _ _ l 508
508 0 0 l 508
508 1 1 l 508
508 B B l 508
508 X X l 508
508 # # r 61
62 # # r 509
509 _ _ r 510
509 0 _ r 511
509 1 _ r 512
509 B _ r 513
509 X _ r 514
510 _ _ r 510
510 0 _ r 511
510 1 _ r 512
510 B _ r 513
510 X _ r 514
510 _ _ l 515
511 _ 0 r 510
511 0 0 r 511
511 1 0 r 512
511 B 0 r 513
511 X 0 r 514
511 _ 0 l 515
512 _ 1 r 510
512 0 1 r 511
512 1 1 r 512
512 B 1 r 513
512 X 1 r 514
512 _ 1 l 515
513 _ B r 510
513 0 B r 511
513 1 B r 512
513 B B r 513
513 X B r 514
513 _ B l 515
514 _ X r 510
514 0 X r 511
514 1 X r 512
514 B X r 513
514 X X r 514
514 _ X l 515
515 _ _ l 515
515 0 0 l 515
515 1 1 l 515
515 B B l 515
515 X X l 515
515 # # r 62
63 # # r 516
516 _ _ r 517
516 0 _ r 518
516 1 _ r 519
516 B _ r 520
516 X _ r 521
517 _ _ r 517
517 0 _ r 518
517 1 _ r 519
517 B _ r 520
517 X _ r 521
517 _ _ l 522
518 _ 0 r 517
518 0 0 r 518
518 1 0 r 519
518 B 0 r 520
518 X 0 r 521
518 _ 0 l 522
519 _ 1 r 517
519 0 1 r 518
519 1 1 r 519
519 B 1 r 520
519 X 1 r 521
519 _ 1 l 522
520 _ B r 517
520 0 B r 518
520 1 B r 519
520 B B r 520
520 X B r 521
520 _ B l 522
521 _ X r 517
521 0 X r 518
521 1 X r 519
521 B X r 520
521 X X r 521
521 _ X l 522
522 _ _ l 522
522 0 0 l 522
522 1 1 l 522
522 B B l 522
522 X X l 522
522 # # r 63
64 # # r 523
523 _ _ r 524
523 0 _ r 525
523 1 _ r 526
523 B _ r 527
523 X _ r 528
524 _ _ r 524
524 0 _ r 525
524 1 _ r 526
524 B _ r 527
524 X _ r 528
524 _ _ l 529
525 _ 0 r 524
525 0 0 r 525
525 1 0 r 526
525 B 0 r 527
525 X 0 r 528
525 _ 0 l 529
526 _ 1 r 524
526 0 1 r 525
526 1 1 r 526
526 B 1 r 527
526 X 1 r 528
526 _ 1 l 529
527 _ B r 524
527 0 B r 525
527 1 B r 526
527 B B r 527
527 X B r 528
527 _ B l 529
528 _ X r 524
528 0 X r 525
528 1 X r 526
528 B X r 527
528 X X r 528
528 _ X l 529
529 _ _ l 529
529 0 0 l 529
529 1 1 l 529
529 B B l 529
529 X X l 529
529 # # r 64
65 # # r 530
530 _ _ r 531
530 0 _ r 532
530 1 _ r 533
530 B _ r 534
530 X _ r 535
531 _ _ r 531
531 0 _ r 532
531 1 _ r 533
531 B _ r 534
531 X _ r 535
531 _ _ l 536
532 _ 0 r 531
532 0 0 r 532
532 1 0 r 533
532 B 0 r 534
532 X 0 r 535
532 _ 0 l 536
533 _ 1 r 531
533 0 1 r 532
533 1 1 r 533
533 B 1 r 534
533 X 1 r 535
533 _ 1 l 536
534 _ B r 531
534 0 B r 532
534 1 B r 533
534 B B r 534
534 X B r 535
534 _ B l 536
535 _ X r 531
535 0 X r 532
535 1 X r 533
535 B X r 534
535 X X r 535
535 _ X l 536
536 _ _ l 536
536 0 0 l 536
536 1 1 l 536
536 B B l 536
536 X X l 536
536 # # r 65
66 # # r 537
537 _ _ r 538
537 0 _ r 539
537 1 _ r 540
537 B _ r 541
537 X _ r 542
538 _ _ r 538
538 0 _ r 539
538 1 _ r 540
538 B _ r 541
538 X _ r 542
538 _ _ l 543
539 _ 0 r 538
539 0 0 r 539
539 1 0 r 540
539 B 0 r 541
539 X 0 r 542
539 _ 0 l 543
540 _ 1 r 538
540 0 1 r 539
540 1 1 r 540
540 B 1 r 541
540 X 1 r 542
540 _ 1 l 543
541 _ B r 538
541 0 B r 539
541 1 B r 540
541 B B r 541
541 X B r 542
541 _ B l 543
542 _ X r 538
542 0 X r 539
542 1 X r 540
542 B X r 541
542 X X r 542
542 _ X l 543
543 _ _ l 543
543 0 0 l 543
543 1 1 l 543
543 B B l 543
543 X X l 543
543 # # r 66
67 # # r 544
544 _ _ r 545
544 0 _ r 546
544 1 _ r 547
544 B _ r 548
544 X _ r 549
545 _ _ r 545
545 0 _ r 546
545 1 _ r 547
545 B _ r 548
545 X _ r 549
545 _ _ l 550
546 _ 0 r 545
546 0 0 r 546
546 1 0 r 547
546 B 0 r 548
546 X 0 r 549
546 _ 0 l 550
547 _ 1 r 545
547 0 1 r 546
547 1 1 r 547
547 B 1 r 548
547 X 1 r 549
547 _ 1 l 550
548 _ B r 545
548 0 B r 546
548 1 B r 547
548 B B r 548
548 X B r 549
548 _ B l 550
549 _ X r 545
549 0 X r 546
549 1 X r 547
549 B X r 548
549 X X r 549
549 _ X l 550
550 _ _ l 550
550 0 0 l 550
550 1 1 l 550
550 B B l 550
550 X X l 550
550 # # r 67
68 # # r 551
551 _ _ r 552
551 0 _ r 553
551 1 _ r 554
551 B _ r 555
551 X _ r 556
552 _ _ r 552
552 0 _ r 553
552 1 _ r 554
552 B _ r 555
552 X _ r 556
552 _ _ l 557
553 _ 0 r 552
553 0 0 r 553
553 1 0 r 554
553 B 0 r 555
553 X 0 r 556
553 _ 0 l 557
554 _ 1 r 552
554 0 1 r 553
554 1 1 r 554
554 B 1 r 555
554 X 1 r 556
554 _ 1 l 557
555 _ B r 552
555 0 B r 553
555 1 B r 554
555 B B r 555
555 X B r 556
555 _ B l 557
556 _ X r 552
556 0 X r 553
556 1 X r 554
556 B X r 555
556 X X r 556
556 _ X l 557
557 _ _ l 557
557 0 0 l 557
557 1 1 l 557
557 B B l 557
557 X X l 557
557 # # r 68
69 # # r 558
558 _ _ r 559
558 0 _ r 560
558 1 _ r 561
558 B _ r 562
558 X _ r 563
559 _ _ r 559
559 0 _ r 560
559 1 _ r 561
559 B _ r 562
559 X _ r 563
559 _ _ l 564
560 _ 0 r 559
560 0 0 r 560
560 1 0 r 561
560 B 0 r 562
560 X 0 r 563
560 _ 0 l 564
561 _ 1 r 559
561 0 1 r 560
561 1 1 r 561
561 B 1 r 562
561 X 1 r 563
561 _ 1 l 564
562 _ B r 559
562 0 B r 560
562 1 B r 561
562 B B r 562
562 X B r 563
562 _ B l 564
563 _ X r 559
563 0 X r 560
563 1 X r 561
563 B X r 562
563 X X r 563
563 _ X l 564
564 _ _ l 564
564 0 0 l 564
564 1 1 l 564
564 B B l 564
564 X X l 564
564 # # r 69
70 # # r 565
565 _ _ r 566
565 0 _ r 567
565 1 _ r 568
565 B _ r 569
565 X _ r 570
566 _ _ r 566
566 0 _ r 567
566 1 _ r 568
566 B _ r 569
566 X _ r 570
566 _ _ l 571
567 _ 0 r 566
567 0 0 r 567
567 1 0 r 568
567 B 0 r 569
567 X 0 r 570
567 _ 0 l 571
568 _ 1 r 566
568 0 1 r 567
568 1 1 r 568
568 B 1 r 569
568 X 1 r 570
568 _ 1 l 571
569 _ B r 566
569 0 B r 567
569 1 B r 568
569 B B r 569
569 X B r 570
569 _ B l 571
570 _ X r 566
570 0 X r 567
570 1 X r 568
570 B X r 569
570 X X r 570
570 _ X l 571
571 _ _ l 571
571 0 0 l 571
571 1 1 l 571
571 B B l 571
571 X X l 571
571 # # r 70
71 # # r 572
572 _ _ r 573
572 0 _ r 574
572 1 _ r 575
572 B _ r 576
572 X _ r 577
573 _ _ r 573
573 0 _ r 574
573 1 _ r 575
573 B _ r 576
573 X _ r 577
573 _ _ l 578
574 _ 0 r 573
574 0 0 r 574
574 1 0 r 575
574 B 0 r 576
574 X 0 r 577
574 _ 0 l 578
575 _ 1 r 573
575 0 1 r 574
575 1 1 r 575
575 B 1 r 576
575 X 1 r 577
575 _ 1 l 578
576 _ B r 573
576 0 B r 574
576 1 B r 575
576 B B r 576
576 X B r 577
576 _ B l 578
577 _ X r 573
577 0 X r 574
577 1 X r 575
577 B X r 576
577 X X r 577
577 _ X l 578
578 _ _ l 578
578 0 0 l 578
578 1 1 l 578
578 B B l 578
578 X X l 578
578 # # r 71
72 # # r 579
579 _ _ r 580
579 0 _ r 581
579 1 _ r 582
579 B _ r 583
579 X _ r 584
580 _ _ r 580
580 0 _ r 581
580 1 _ r 582
580 B _ r 583
580 X _ r 584
580 _ _ l 585
581 _ 0 r 580
581 0 0 r 581
581 1 0 r 582
581 B 0 r 583
581 X 0 r 584
581 _ 0 l 585
582 _ 1 r 580
582 0 1 r 581
582 1 1 r 582
582 B 1 r 583
582 X 1 r 584
582 _ 1 l 585
583 _ B r 580
583 0 B r 581
583 1 B r 582
583 B B r 583
583 X B r 584
583 _ B l 585
584 _ X r 580
584 0 X r 581
584 1 X r 582
584 B X r 583
584 X X r 584
584 _ X l 585
585 _ _ l 585
585 0 0 l 585
585 1 1 l 585
585 B B l 585
585 X X l 585
585 # # r 72
73 # # r 586
586 _ _ r 587
586 0 _ r 588
586 1 _ r 589
586 B _ r 590
586 X _ r 591
587 _ _ r 587
587 0 _ r 588
587 1 _ r 589
587 B _ r 590
587 X _ r 591
587 _ _ l 592
588 _ 0 r 587
588 0 0 r 588
588 1 0 r 589
588 B 0 r 590
588 X 0 r 591
588 _ 0 l 592
589 _ 1 r 587
589 0 1 r 588
589 1 1 r 589
589 B 1 r 590
589 X 1 r 591
589 _ 1 l 592
590 _ B r 587
590 0 B r 588
590 1 B r 589
590 B B r 590
590 X B r 591
590 _ B l 592
591 _ X r 587
591 0 X r 588
591 1 X r 589
591 B X r 590
591 X X r 591
591 _ X l 592
592 _ _ l 592
592 0 0 l 592
592 1 1 l 592
592 B B l 592
592 X X l 592
592 # # r 73
74 # # r 593
593 _ _ r 594
593 0 _ r 595
593 1 _ r 596
593 B _ r 597
593 X _ r 598
594 _ _ r 594
594 0 _ r 595
594 1 _ r 596
594 B _ r 597
594 X _ r 598
594 _ _ l 599
595 _ 0 r 594
595 0 0 r 595
595 1 0 r 596
595 B 0 r 597
595 X 0 r 598
595 _ 0 l 599
596 _ 1 r 594
596 0 1 r 595
596 1 1 r 596
596 B 1 r 597
596 X 1 r 598
596 _ 1 l 599
597 _ B r 594
597 0 B r 595
597 1 B r 596
597 B B r 597
597 X B r 598
597 _ B l 599
598 _ X r 594
598 0 X r 595
598 1 X r 596
598 B X r 597
598 X X r 598
598 _ X l 599
599 _ _ l 599
599 0 0 l 599
599 1 1 l 599
599 B B l 599
599 X X l 599
599 # # r 74
75 # # r 600
600 _ _ r 601
600 0 _ r 602
600 1 _ r 603
600 B _ r 604
600 X _ r 605
601 _ _ r 601
601 0 _ r 602
601 1 _ r 603
601 B _ r 604
601 X _ r 605
601 _ _ l 606
602 _ 0 r 601
602 0 0 r 602
602 1 0 r 603
602 B 0 r 604
602 X 0 r 605
602 _ 0 l 606
603 _ 1 r 601
603 0 1 r 602
603 1 1 r 603
603 B 1 r 604
603 X 1 r 605
603 _ 1 l 606
604 _ B r 601
604 0 B r 602
604 1 B r 603
604 B B r 604
604 X B r 605
604 _ B l 606
605 _ X r 601
605 0 X r 602
605 1 X r 603
605 B X r 604
605 X X r 605
605 _ X l 606
606 _ _ l 606
606 0 0 l 606
606 1 1 l 606
606 B B l 606
606 X X l 606
606 # # r 75
76 # # r 607
607 _ _ r 608
607 0 _ r 609
607 1 _ r 610
607 B _ r 611
607 X _ r 612
608 _ _ r 608
608 0 _ r 609
608 1 _ r 610
608 B _ r 611
608 X _ r 612
608 _ _ l 613
609 _ 0 r 608
609 0 0 r 609
609 1 0 r 610
609 B 0 r 611
609 X 0 r 612
609 _ 0 l 613
610 _ 1 r 608
610 0 1 r 609
610 1 1 r 610
610 B 1 r 611
610 X 1 r 612
610 _ 1 l 613
611 _ B r 608
611 0 B r 609
611 1 B r 610
611 B B r 611
611 X B r 612
611 _ B l 613
612 _ X r 608
612 0 X r 609
612 1 X r 610
612 B X r 611
612 X X r 612
612 _ X l 613
613 _ _ l 613
613 0 0 l 613
613 1 1 l 613
613 B B l 613
613 X X l 613
613 # # r 76
77 # # r 614
614 _ _ r 615
614 0 _ r 616
614 1 _ r 617
614 B _ r 618
614 X _ r 619
615 _ _ r 615
615 0 _ r 616
615 1 _ r 617
615 B _ r 618
615 X _ r 619
615 _ _ l 620
616 _ 0 r 615
616 0 0 r 616
616 1 0 r 617
616 B 0 r 618
616 X 0 r 619
616 _ 0 l 620
617 _ 1 r 615
617 0 1 r 616
617 1 1 r 617
617 B 1 r 618
617 X 1 r 619
617 _ 1 l 620
618 _ B r 615
618 0 B r 616
618 1 B r 617
618 B B r 618
618 X B r 619
618 _ B l 620
619 _ X r 615
619 0 X r 616
619 1 X r 617
619 B X r 618
619 X X r 619
619 _ X l 620
620 _ _ l 620
620 0 0 l 620
620 1 1 l 620
620 B B l 620
620 X X l 620
620 # # r 77
78 # # r 621
621 _ _ r 622
621 0 _ r 623
621 1 _ r 624
621 B _ r 625
621 X _ r 626
622 _ _ r 622
622 0 _ r 623
622 1 _ r 624
622 B _ r 625
622 X _ r 626
622 _ _ l 627
623 _ 0 r 622
623 0 0 r 623
623 1 0 r 624
623 B 0 r 625
623 X 0 r 626
623 _ 0 l 627
624 _ 1 r 622
624 0 1 r 623
624 1 1 r 624
624 B 1 r 625
624 X 1 r 626
624 _ 1 l 627
625 _ B r 622
625 0 B r 623
625 1 B r 624
625 B B r 625
625 X B r 626
625 _ B l 627
626 _ X r 622
626 0 X r 623
626 1 X r 624
626 B X r 625
626 X X r 626
626 _ X l 627
627 _ _ l 627
627 0 0 l 627
627 1 1 l 627
627 B B l 627
627 X X l 627
627 # # r 78
79 # # r 628
628 _ _ r 629
628 0 _ r 630
628 1 _ r 631
628 B _ r 632
628 X _ r 633
629 _ _ r 629
629 0 _ r 630
629 1 _ r 631
629 B _ r 632
629 X _ r 633
629 _ _ l 634
630 _ 0 r 629
630 0 0 r 630
630 1 0 r 631
630 B 0 r 632
630 X 0 r 633
630 _ 0 l 634
631 _ 1 r 629
631 0 1 r 630
631 1 1 r 631
631 B 1 r 632
631 X 1 r 633
631 _ 1 l 634
632 _ B r 629
632 0 B r 630
632 1 B r 631
632 B B r 632
632 X B r 633
632 _ B l 634
633 _ X r 629
633 0 X r 630
633 1 X r 631
633 B X r 632
633 X X r 633
633 _ X l 634
634 _ _ l 634
634 0 0 l 634
634 1 1 l 634
634 B B l 634
634 X X l 634
634 # # r 79
80 # # r 635
635 _ _ r 636
635 0 _ r 637
635 1 _ r 638
635 B _ r 639
635 X _ r 640
636 _ _ r 636
636 0 _ r 637
636 1 _ r 638
636 B _ r 639
636 X _ r 640
636 _ _ l 641
637 _ 0 r 636
637 0 0 r 637
637 1 0 r 638
637 B 0 r 639
637 X 0 r 640
637 _ 0 l 641
638 _ 1 r 636
638 0 1 r 637
638 1 1 r 638
638 B 1 r 639
638 X 1 r 640
638 _ 1 l 641
639 _ B r 636
639 0 B r 637
639 1 B r 638
639 B B r 639
639 X B r 640
639 _ B l 641
640 _ X r 636
640 0 X r 637
640 1 X r 638
640 B X r 639
640 X X r 640
640 _ X l 641
641 _ _ l 641
641 0 0 l 641
641 1 1 l 641
641 B B l 641
641 X X l 641
641 # # r 80
